<?xml version="1.0" encoding="UTF-8"?>
<!-- Generated by org.testng.reporters.JUnitXMLReporter -->
<testsuite hostname="SCS-R37" ignored="0" name="Default test" tests="3" failures="0" timestamp="29 Mar 2019 09:56:58 GMT" time="86.387" errors="0">
  <testcase name="profilesettingTest" time="9.01" classname="com.voyager.qa.testcases.SetUpPageTest"/>
  <testcase name="setUpGlobaltextTest" time="6.948" classname="com.voyager.qa.testcases.SetUpPageTest"/>
  <testcase name="billingtextest" time="6.923" classname="com.voyager.qa.testcases.SetUpPageTest"/>
</testsuite> <!-- Default test -->
